CRITICAL - 2023-09-08 11:03:59 --> cURL error 60: SSL certificate problem: unable to get local issuer certificate (see https://curl.haxx.se/libcurl/c/libcurl-errors.html) for https://api-ap2.pusher.com/apps/1662614/events?auth_key=40f0f1503664d8977ab7&auth_timestamp=1694171038&auth_version=1.0&body_md5=23cc54447749d2707efb070706eb36f9&auth_signature=75e27d698866a48a65a831e11fa880fd165d8c8361e09b8068ae8b4d688e2d18
in FCPATH\vendor\guzzlehttp\guzzle\src\Handler\CurlFactory.php on line 211.
 1 FCPATH\vendor\guzzlehttp\guzzle\src\Handler\CurlFactory.php(158): GuzzleHttp\Handler\CurlFactory::createRejection(Object(GuzzleHttp\Handler\EasyHandle), [...])
 2 FCPATH\vendor\guzzlehttp\guzzle\src\Handler\CurlFactory.php(110): GuzzleHttp\Handler\CurlFactory::finishError(Object(GuzzleHttp\Handler\CurlHandler), Object(GuzzleHttp\Handler\EasyHandle), Object(GuzzleHttp\Handler\CurlFactory))
 3 FCPATH\vendor\guzzlehttp\guzzle\src\Handler\CurlHandler.php(47): GuzzleHttp\Handler\CurlFactory::finish(Object(GuzzleHttp\Handler\CurlHandler), Object(GuzzleHttp\Handler\EasyHandle), Object(GuzzleHttp\Handler\CurlFactory))
 4 FCPATH\vendor\guzzlehttp\guzzle\src\Handler\Proxy.php(28): GuzzleHttp\Handler\CurlHandler->__invoke(Object(GuzzleHttp\Psr7\Request), [...])
 5 FCPATH\vendor\guzzlehttp\guzzle\src\Handler\Proxy.php(48): GuzzleHttp\Handler\Proxy::GuzzleHttp\Handler\{closure}(Object(GuzzleHttp\Psr7\Request), [...])
 6 FCPATH\vendor\guzzlehttp\guzzle\src\PrepareBodyMiddleware.php(64): GuzzleHttp\Handler\Proxy::GuzzleHttp\Handler\{closure}(Object(GuzzleHttp\Psr7\Request), [...])
 7 FCPATH\vendor\guzzlehttp\guzzle\src\Middleware.php(31): GuzzleHttp\PrepareBodyMiddleware->__invoke(Object(GuzzleHttp\Psr7\Request), [...])
 8 FCPATH\vendor\guzzlehttp\guzzle\src\RedirectMiddleware.php(71): GuzzleHttp\Middleware::GuzzleHttp\{closure}(Object(GuzzleHttp\Psr7\Request), [...])
 9 FCPATH\vendor\guzzlehttp\guzzle\src\Middleware.php(63): GuzzleHttp\RedirectMiddleware->__invoke(Object(GuzzleHttp\Psr7\Request), [...])
10 FCPATH\vendor\guzzlehttp\guzzle\src\HandlerStack.php(75): GuzzleHttp\Middleware::GuzzleHttp\{closure}(Object(GuzzleHttp\Psr7\Request), [...])
11 FCPATH\vendor\guzzlehttp\guzzle\src\Client.php(333): GuzzleHttp\HandlerStack->__invoke(Object(GuzzleHttp\Psr7\Request), [...])
12 FCPATH\vendor\guzzlehttp\guzzle\src\Client.php(169): GuzzleHttp\Client->transfer(Object(GuzzleHttp\Psr7\Request), [...])
13 FCPATH\vendor\guzzlehttp\guzzle\src\Client.php(189): GuzzleHttp\Client->requestAsync('POST', Object(GuzzleHttp\Psr7\Uri), [...])
14 FCPATH\vendor\guzzlehttp\guzzle\src\ClientTrait.php(95): GuzzleHttp\Client->request('POST', 'apps/1662614/events', [...])
15 FCPATH\vendor\pusher\pusher-php-server\src\Pusher.php(779): GuzzleHttp\Client->post('apps/1662614/events', [...])
16 FCPATH\vendor\pusher\pusher-php-server\src\Pusher.php(440): Pusher\Pusher->post('/apps/1662614/events', '{"name":"call_event","data":"{\\"token\\":\\"waw_ud9jmv\\",\\"receiver\\":\\"1\\",\\"sessionID\\":22}","channel":"arenatest"}')
17 APPPATH\Controllers\Dashboard.php(82): Pusher\Pusher->trigger('arenatest', 'call_event', [...])
18 SYSTEMPATH\CodeIgniter.php(915): App\Controllers\Dashboard->createroom()
19 SYSTEMPATH\CodeIgniter.php(492): CodeIgniter\CodeIgniter->runController(Object(App\Controllers\Dashboard))
20 SYSTEMPATH\CodeIgniter.php(353): CodeIgniter\CodeIgniter->handleRequest(null, Object(Config\Cache), false)
21 FCPATH\index.php(79): CodeIgniter\CodeIgniter->run()
